<?xml version="1.0" encoding="UTF-8"?>
<testsuite xmlns:xsi="http://www.w3.org/2001/XMLSchema-instance" xsi:noNamespaceSchemaLocation="https://maven.apache.org/surefire/maven-surefire-plugin/xsd/surefire-test-report-3.0.xsd" version="3.0" name="com.gavs.calculator.TestInfoTestReporter15" time="0.113" tests="5" errors="0" skipped="0" failures="0">
  <properties>
[...]
</properties>
  <testcase name="testSubtract" classname="com.gavs.calculator.TestInfoTestReporter15" time="0.08"/>
  <testcase name="testDivide" classname="com.gavs.calculator.TestInfoTestReporter15" time="0.002"/>
  <testcase name="testMultiply" classname="com.gavs.calculator.TestInfoTestReporter15" time="0.002"/>
  <testcase name="testAddPositive" classname="com.gavs.calculator.TestInfoTestReporter15$AddTest" time="0.004"/>
  <testcase name="testAddNegative" classname="com.gavs.calculator.TestInfoTestReporter15$AddTest" time="0.003"/>
</testsuite>